[debug] [2023-11-29T18:51:35.168Z] ----------------------------------------------------------------------
[debug] [2023-11-29T18:51:35.172Z] Command:       C:\Program Files\nodejs\node.exe C:\Users\kaust\AppData\Roaming\npm\node_modules\firebase-tools\lib\bin\firebase.js init
[debug] [2023-11-29T18:51:35.173Z] CLI Version:   12.9.1
[debug] [2023-11-29T18:51:35.174Z] Platform:      win32
[debug] [2023-11-29T18:51:35.174Z] Node Version:  v18.17.1
[debug] [2023-11-29T18:51:35.176Z] Time:          Thu Nov 30 2023 00:21:35 GMT+0530 (India Standard Time)
[debug] [2023-11-29T18:51:35.176Z] ----------------------------------------------------------------------
[debug] 
[debug] [2023-11-29T18:51:35.327Z] > command requires scopes: ["email","openid","https://www.googleapis.com/auth/cloudplatformprojects.readonly","https://www.googleapis.com/auth/firebase","https://www.googleapis.com/auth/cloud-platform"]
[debug] [2023-11-29T18:51:35.329Z] > authorizing via signed-in user (kaustav812004@gmail.com)
[info] 
     ######## #### ########  ######## ########     ###     ######  ########
     ##        ##  ##     ## ##       ##     ##  ##   ##  ##       ##
     ######    ##  ########  ######   ########  #########  ######  ######
     ##        ##  ##    ##  ##       ##     ## ##     ##       ## ##
     ##       #### ##     ## ######## ########  ##     ##  ######  ########

You're about to initialize a Firebase project in this directory:

  C:\Users\kaust

Before we get started, keep in mind:

  * You are initializing within an existing Firebase project directory

[info] 
=== Project Setup
[info] 
[info] First, let's associate this project directory with a Firebase project.
[info] You can create multiple project aliases by running firebase use --add, 
[info] but for now we'll just set up a default project.
[info] 
[debug] [2023-11-29T18:51:41.589Z] Using project from CLI flag: tindog-ee310
[debug] [2023-11-29T18:51:41.592Z] >>> [apiv2][query] GET https://firebase.googleapis.com/v1beta1/projects/tindog-ee310 [none]
[debug] [2023-11-29T18:51:42.145Z] <<< [apiv2][status] GET https://firebase.googleapis.com/v1beta1/projects/tindog-ee310 200
[debug] [2023-11-29T18:51:42.146Z] <<< [apiv2][body] GET https://firebase.googleapis.com/v1beta1/projects/tindog-ee310 {"projectId":"tindog-ee310","projectNumber":"644637551728","displayName":"tindog","name":"projects/tindog-ee310","resources":{"hostingSite":"tindog-ee310"},"state":"ACTIVE","etag":"1_b3e4dc19-3841-472c-a46d-18ee647a9ed2"}
[info] i  Using project tindog-ee310 (tindog) 
[info] 
=== Hosting Setup
[debug] [2023-11-29T18:51:42.163Z] >>> [apiv2][query] GET https://firebase.googleapis.com/v1beta1/projects/tindog-ee310 [none]
[debug] [2023-11-29T18:51:42.952Z] <<< [apiv2][status] GET https://firebase.googleapis.com/v1beta1/projects/tindog-ee310 200
[debug] [2023-11-29T18:51:42.952Z] <<< [apiv2][body] GET https://firebase.googleapis.com/v1beta1/projects/tindog-ee310 {"projectId":"tindog-ee310","projectNumber":"644637551728","displayName":"tindog","name":"projects/tindog-ee310","resources":{"hostingSite":"tindog-ee310"},"state":"ACTIVE","etag":"1_b3e4dc19-3841-472c-a46d-18ee647a9ed2"}
[info] 
[info] Your public directory is the folder (relative to your project directory) that
[info] will contain Hosting assets to be uploaded with firebase deploy. If you
[info] have a build process for your assets, use your build's output directory.
[info] 
